2024-07-16 09:19:58,455 [INFO] Activator:176 - 


2024-07-16 09:19:58,456 [INFO] Activator:177 - !SESSION log4j initialized
2024-07-16 09:19:59,591 [INFO] LogOutputStream:77 - [STDOUT_REDIRECT] 
2024-07-16 09:20:00,625 [INFO] ApplicationProperties:184 - Using Application install path: C:\ST\STM32CubeIDE_1.13.1\STM32CubeIDE\plugins\com.st.stm32cube.common.mx_6.9.1.202307191849
2024-07-16 09:20:00,649 [INFO] DbMcusXml:78 - Set database path to: C:\ST\STM32CubeIDE_1.13.1\STM32CubeIDE\plugins\com.st.stm32cube.common.mx_6.9.1.202307191849\\db\/mcu/
2024-07-16 09:20:00,649 [INFO] ApiDb:274 - Set plugin database path to: C:\ST\STM32CubeIDE_1.13.1\STM32CubeIDE\plugins\com.st.stm32cube.common.mx_6.9.1.202307191849\\db\/plugins/boardmanager/
2024-07-16 09:20:00,650 [WARN] ApiDb:259 - Overriding images path with different value:  => C:\ST\STM32CubeIDE_1.13.1\STM32CubeIDE\plugins\com.st.stm32cube.common.mx_6.9.1.202307191849\\db\/plugins/mcufinder/images/
2024-07-16 09:20:00,658 [INFO] ApiDb:250 - Set database path to: C:\Users\shash\.stmcufinder\plugins\mcufinder//mcu/
2024-07-16 09:20:00,659 [INFO] DbMcusAds:125 - Set database path to: C:\Users\shash\.stmcufinder\plugins\mcufinder//mcu/
2024-07-16 09:20:00,660 [INFO] CrossReferenceDbSqlite:203 - Set database path to: C:\Users\shash\.stmcufinder\plugins\mcufinder//mcu/cs/
2024-07-16 09:20:00,741 [INFO] RulesReader:64 - Compatibility file has been processed (293 Rules)
2024-07-16 09:20:00,793 [INFO] DbMcusXml:78 - Set database path to: C:\ST\STM32CubeIDE_1.13.1\STM32CubeIDE\plugins\com.st.stm32cube.common.mx_6.9.1.202307191849\\db\/mcu/
2024-07-16 09:20:00,793 [INFO] ApiDb:274 - Set plugin database path to: C:\ST\STM32CubeIDE_1.13.1\STM32CubeIDE\plugins\com.st.stm32cube.common.mx_6.9.1.202307191849\\db\/plugins/boardmanager/
2024-07-16 09:20:00,793 [INFO] ApiDb:261 - Set plugin images path to: C:\ST\STM32CubeIDE_1.13.1\STM32CubeIDE\plugins\com.st.stm32cube.common.mx_6.9.1.202307191849\\db\/plugins/mcufinder/images/
2024-07-16 09:20:00,793 [WARN] DbFile:41 - Overriding database path with different value: C:\Users\shash\.stmcufinder\plugins\mcufinder/ => C:\Users\shash\.stmcufinder\plugins\mcufinder
2024-07-16 09:20:00,793 [INFO] ApiDb:250 - Set database path to: C:\Users\shash\.stmcufinder\plugins\mcufinder//mcu/
2024-07-16 09:20:00,793 [WARN] DbFile:41 - Overriding database path with different value: C:\Users\shash\.stmcufinder\plugins\mcufinder/ => C:\Users\shash\.stmcufinder\plugins\mcufinder
2024-07-16 09:20:00,793 [INFO] DbMcusAds:125 - Set database path to: C:\Users\shash\.stmcufinder\plugins\mcufinder//mcu/
2024-07-16 09:20:00,795 [WARN] DbFile:41 - Overriding database path with different value: C:\Users\shash\.stmcufinder\plugins\mcufinder/ => C:\Users\shash\.stmcufinder\plugins\mcufinder
2024-07-16 09:20:00,795 [WARN] DbFile:41 - Overriding database path with different value: C:\Users\shash\.stmcufinder\plugins\mcufinder/ => C:\Users\shash\.stmcufinder\plugins\mcufinder
2024-07-16 09:20:00,795 [INFO] CrossReferenceDbSqlite:203 - Set database path to: C:\Users\shash\.stmcufinder\plugins\mcufinder//mcu/cs/
2024-07-16 09:20:00,854 [INFO] MainPanel:262 - HeapMemory: 268435456
2024-07-16 09:20:00,902 [INFO] DbMcusXml:78 - Set database path to: C:\ST\STM32CubeIDE_1.13.1\STM32CubeIDE\plugins\com.st.stm32cube.common.mx_6.9.1.202307191849\\db\/mcu/
2024-07-16 09:20:00,902 [INFO] ApiDb:274 - Set plugin database path to: C:\ST\STM32CubeIDE_1.13.1\STM32CubeIDE\plugins\com.st.stm32cube.common.mx_6.9.1.202307191849\\db\/plugins/boardmanager/
2024-07-16 09:20:00,902 [INFO] ApiDb:261 - Set plugin images path to: C:\ST\STM32CubeIDE_1.13.1\STM32CubeIDE\plugins\com.st.stm32cube.common.mx_6.9.1.202307191849\\db\/plugins/mcufinder/images/
2024-07-16 09:20:00,903 [WARN] DbFile:41 - Overriding database path with different value: C:\Users\shash\.stmcufinder\plugins\mcufinder/ => C:\Users\shash\.stmcufinder\plugins\mcufinder
2024-07-16 09:20:00,903 [INFO] ApiDb:250 - Set database path to: C:\Users\shash\.stmcufinder\plugins\mcufinder//mcu/
2024-07-16 09:20:00,903 [WARN] DbFile:41 - Overriding database path with different value: C:\Users\shash\.stmcufinder\plugins\mcufinder/ => C:\Users\shash\.stmcufinder\plugins\mcufinder
2024-07-16 09:20:00,903 [INFO] DbMcusAds:125 - Set database path to: C:\Users\shash\.stmcufinder\plugins\mcufinder//mcu/
2024-07-16 09:20:00,903 [WARN] DbFile:41 - Overriding database path with different value: C:\Users\shash\.stmcufinder\plugins\mcufinder/ => C:\Users\shash\.stmcufinder\plugins\mcufinder
2024-07-16 09:20:00,903 [WARN] DbFile:41 - Overriding database path with different value: C:\Users\shash\.stmcufinder\plugins\mcufinder/ => C:\Users\shash\.stmcufinder\plugins\mcufinder
2024-07-16 09:20:00,903 [INFO] CrossReferenceDbSqlite:203 - Set database path to: C:\Users\shash\.stmcufinder\plugins\mcufinder//mcu/cs/
2024-07-16 09:20:00,915 [INFO] ApplicationProperties:184 - Using Application install path: C:\ST\STM32CubeIDE_1.13.1\STM32CubeIDE\plugins\com.st.stm32cube.common.mx_6.9.1.202307191849
2024-07-16 09:20:00,916 [INFO] PluginManage:196 - Search for loadable plugins [exclusion list=, ]
2024-07-16 09:20:00,917 [INFO] PluginManage:310 - Check plugin analytics
2024-07-16 09:20:01,047 [INFO] AnalyticsPlugin:253 - Accepted Software Licenses: 
2024-07-16 09:20:01,047 [INFO] AnalyticsPlugin:255 - Accepted CMSIS Pack Licenses: 
2024-07-16 09:20:01,047 [INFO] AnalyticsPlugin:257 - Accepted Firmware Licenses: FW.F4.1.27.0
2024-07-16 09:20:01,049 [INFO] PluginManage:359 - Loaded plugin analytics (category:tool,tabindex:-1)
2024-07-16 09:20:01,050 [INFO] PluginManage:310 - Check plugin cadmodel
2024-07-16 09:20:01,053 [INFO] CADModel:105 - Init CAD model plugin
2024-07-16 09:20:01,054 [INFO] PluginManage:359 - Loaded plugin cadmodel (category:power,tabindex:5)
2024-07-16 09:20:01,054 [INFO] PluginManage:310 - Check plugin clock
2024-07-16 09:20:01,061 [INFO] PluginManage:359 - Loaded plugin clock (category:base,tabindex:2)
2024-07-16 09:20:01,062 [INFO] PluginManage:310 - Check plugin ddr
2024-07-16 09:20:01,063 [INFO] PluginManage:359 - Loaded plugin ddr (category:tool,tabindex:6)
2024-07-16 09:20:01,063 [INFO] PluginManage:310 - Check plugin filemanager
2024-07-16 09:20:01,159 [INFO] PluginManage:359 - Loaded plugin filemanager (category:base,tabindex:10)
2024-07-16 09:20:01,159 [INFO] PluginManage:310 - Check plugin ipmanager
2024-07-16 09:20:01,165 [INFO] PluginManage:359 - Loaded plugin ipmanager (category:base,tabindex:5)
2024-07-16 09:20:01,165 [INFO] PluginManage:310 - Check plugin lpbam
2024-07-16 09:20:01,171 [INFO] PluginManage:359 - Loaded plugin lpbam (category:base,tabindex:0)
2024-07-16 09:20:01,171 [INFO] PluginManage:310 - Check plugin memorymap
2024-07-16 09:20:01,178 [INFO] PluginManage:359 - Loaded plugin memorymap (category:base,tabindex:4)
2024-07-16 09:20:01,178 [INFO] PluginManage:310 - Check plugin pinoutandconfiguration
2024-07-16 09:20:01,182 [INFO] PluginManage:359 - Loaded plugin pinoutandconfiguration (category:base,tabindex:1)
2024-07-16 09:20:01,182 [INFO] PluginManage:310 - Check plugin pinoutconfig
2024-07-16 09:20:01,239 [WARN] SupportedApi:132 - Cannot load RTOS API schema: s4s-elt-must-match.1: The content of 'definitions' must match (annotation?, (simpleType | complexType)?, (unique | key | keyref)*)). A problem was found starting at: attribute.
2024-07-16 09:20:01,319 [INFO] PluginManage:359 - Loaded plugin pinoutconfig (category:base,tabindex:0)
2024-07-16 09:20:01,319 [INFO] PluginManage:310 - Check plugin power
2024-07-16 09:20:01,326 [INFO] PluginManage:359 - Loaded plugin power (category:power,tabindex:4)
2024-07-16 09:20:01,326 [INFO] PluginManage:310 - Check plugin projectmanager
2024-07-16 09:20:01,336 [INFO] PluginManage:359 - Loaded plugin projectmanager (category:projectmanager,tabindex:3)
2024-07-16 09:20:01,336 [INFO] PluginManage:310 - Check plugin thirdparty
2024-07-16 09:20:01,449 [WARN] IntegrityCheckThread:84 - waiting for thirdparty lock release [integrity check]
2024-07-16 09:20:01,449 [INFO] IntegrityCheckThread:86 - entering critical section [integrity check]
2024-07-16 09:20:01,449 [INFO] PluginManage:359 - Loaded plugin thirdparty (category:base,tabindex:-1)
2024-07-16 09:20:01,450 [INFO] PluginManage:310 - Check plugin tools
2024-07-16 09:20:01,450 [INFO] ThirdPartyUpdaterWithRetryManager:70 - Updater plugin not ready yet. [1/15]
2024-07-16 09:20:01,454 [INFO] PluginManage:359 - Loaded plugin tools (category:base,tabindex:7)
2024-07-16 09:20:01,454 [INFO] PluginManage:310 - Check plugin tutovideos
2024-07-16 09:20:01,587 [INFO] PluginManage:359 - Loaded plugin tutovideos (category:base,tabindex:-1)
2024-07-16 09:20:01,587 [INFO] PluginManage:310 - Check plugin updater
2024-07-16 09:20:01,593 [INFO] PluginManage:359 - Loaded plugin updater (category:base,tabindex:12)
2024-07-16 09:20:01,593 [INFO] PluginManage:310 - Check plugin userauth
2024-07-16 09:20:01,596 [INFO] UserAuth:113 - Init User Auth plugin
2024-07-16 09:20:01,596 [INFO] PluginManage:359 - Loaded plugin userauth (category:base,tabindex:14)
2024-07-16 09:20:01,597 [INFO] PluginManage:283 - PluginManage : Loaded plugins [17]
2024-07-16 09:20:01,757 [INFO] PinOutPanel:1499 - setPackage(No Configuration,No Configuration)
2024-07-16 09:20:01,833 [INFO] CADModel:165 - CPN selected for project level
2024-07-16 09:20:01,833 [INFO] CADModel:114 - Register for checkConnection events
2024-07-16 09:20:01,847 [INFO] IPUIPlugin:80 - create IPUIPlugin
2024-07-16 09:20:01,847 [INFO] PluginManager:220 - loadIPPluginJar : add adc
2024-07-16 09:20:01,849 [INFO] IPUIPlugin:80 - create IPUIPlugin
2024-07-16 09:20:01,849 [INFO] PluginManager:220 - loadIPPluginJar : add aes
2024-07-16 09:20:01,851 [INFO] IPUIPlugin:80 - create IPUIPlugin
2024-07-16 09:20:01,851 [INFO] PluginManager:220 - loadIPPluginJar : add can
2024-07-16 09:20:01,852 [INFO] IPUIPlugin:80 - create IPUIPlugin
2024-07-16 09:20:01,852 [INFO] PluginManager:220 - loadIPPluginJar : add comp
2024-07-16 09:20:01,853 [INFO] IPUIPlugin:80 - create IPUIPlugin
2024-07-16 09:20:01,853 [INFO] PluginManager:220 - loadIPPluginJar : add cryp
2024-07-16 09:20:01,855 [INFO] IPUIPlugin:80 - create IPUIPlugin
2024-07-16 09:20:01,855 [INFO] PluginManager:220 - loadIPPluginJar : add dfsdm
2024-07-16 09:20:01,858 [INFO] IPUIPlugin:80 - create IPUIPlugin
2024-07-16 09:20:01,859 [INFO] PluginManager:220 - loadIPPluginJar : add dma
2024-07-16 09:20:01,860 [INFO] IPUIPlugin:80 - create IPUIPlugin
2024-07-16 09:20:01,860 [INFO] PluginManager:220 - loadIPPluginJar : add dma3
2024-07-16 09:20:01,861 [INFO] IPUIPlugin:80 - create IPUIPlugin
2024-07-16 09:20:01,861 [INFO] PluginManager:220 - loadIPPluginJar : add fatfs
2024-07-16 09:20:01,864 [INFO] IPUIPlugin:80 - create IPUIPlugin
2024-07-16 09:20:01,864 [INFO] PluginManager:220 - loadIPPluginJar : add fmc
2024-07-16 09:20:01,867 [INFO] IPUIPlugin:80 - create IPUIPlugin
2024-07-16 09:20:01,868 [INFO] PluginManager:220 - loadIPPluginJar : add freertos
2024-07-16 09:20:01,869 [INFO] IPUIPlugin:80 - create IPUIPlugin
2024-07-16 09:20:01,869 [INFO] PluginManager:220 - loadIPPluginJar : add genericplugin
2024-07-16 09:20:01,870 [INFO] IPUIPlugin:80 - create IPUIPlugin
2024-07-16 09:20:01,870 [INFO] PluginManager:220 - loadIPPluginJar : add gfxmmu
2024-07-16 09:20:01,873 [INFO] IPUIPlugin:80 - create IPUIPlugin
2024-07-16 09:20:01,873 [INFO] PluginManager:220 - loadIPPluginJar : add gic
2024-07-16 09:20:01,875 [INFO] IPUIPlugin:80 - create IPUIPlugin
2024-07-16 09:20:01,875 [INFO] PluginManager:220 - loadIPPluginJar : add gpio
2024-07-16 09:20:01,877 [INFO] IPUIPlugin:80 - create IPUIPlugin
2024-07-16 09:20:01,877 [INFO] PluginManager:220 - loadIPPluginJar : add gtzc
2024-07-16 09:20:01,878 [INFO] IPUIPlugin:80 - create IPUIPlugin
2024-07-16 09:20:01,878 [INFO] PluginManager:220 - loadIPPluginJar : add hash
2024-07-16 09:20:01,879 [INFO] IPUIPlugin:80 - create IPUIPlugin
2024-07-16 09:20:01,879 [INFO] PluginManager:220 - loadIPPluginJar : add i2c
2024-07-16 09:20:01,880 [INFO] IPUIPlugin:80 - create IPUIPlugin
2024-07-16 09:20:01,881 [INFO] PluginManager:220 - loadIPPluginJar : add i2s
2024-07-16 09:20:01,882 [INFO] IPUIPlugin:80 - create IPUIPlugin
2024-07-16 09:20:01,882 [INFO] PluginManager:220 - loadIPPluginJar : add i3c
2024-07-16 09:20:01,884 [INFO] IPUIPlugin:80 - create IPUIPlugin
2024-07-16 09:20:01,884 [INFO] PluginManager:220 - loadIPPluginJar : add ipddr
2024-07-16 09:20:01,889 [INFO] IPUIPlugin:80 - create IPUIPlugin
2024-07-16 09:20:01,890 [INFO] PluginManager:220 - loadIPPluginJar : add linkedlist
2024-07-16 09:20:01,892 [INFO] IPUIPlugin:80 - create IPUIPlugin
2024-07-16 09:20:01,892 [INFO] PluginManager:220 - loadIPPluginJar : add lorawan
2024-07-16 09:20:01,894 [INFO] IPUIPlugin:80 - create IPUIPlugin
2024-07-16 09:20:01,894 [INFO] PluginManager:220 - loadIPPluginJar : add ltdc
2024-07-16 09:20:01,898 [INFO] IPUIPlugin:80 - create IPUIPlugin
2024-07-16 09:20:01,898 [INFO] PluginManager:220 - loadIPPluginJar : add mdma
2024-07-16 09:20:01,902 [INFO] IPUIPlugin:80 - create IPUIPlugin
2024-07-16 09:20:01,902 [INFO] PluginManager:220 - loadIPPluginJar : add nvic
2024-07-16 09:20:01,904 [INFO] IPUIPlugin:80 - create IPUIPlugin
2024-07-16 09:20:01,905 [INFO] PluginManager:220 - loadIPPluginJar : add opamp
2024-07-16 09:20:01,906 [INFO] IPUIPlugin:80 - create IPUIPlugin
2024-07-16 09:20:01,906 [INFO] PluginManager:220 - loadIPPluginJar : add openamp
2024-07-16 09:20:01,908 [INFO] IPUIPlugin:80 - create IPUIPlugin
2024-07-16 09:20:01,908 [INFO] PluginManager:220 - loadIPPluginJar : add pdm2pcm
2024-07-16 09:20:01,912 [INFO] IPUIPlugin:80 - create IPUIPlugin
2024-07-16 09:20:01,913 [INFO] PluginManager:220 - loadIPPluginJar : add plateformsettings
2024-07-16 09:20:01,914 [INFO] IPUIPlugin:80 - create IPUIPlugin
2024-07-16 09:20:01,914 [INFO] PluginManager:220 - loadIPPluginJar : add quadspi
2024-07-16 09:20:01,915 [INFO] IPUIPlugin:80 - create IPUIPlugin
2024-07-16 09:20:01,915 [INFO] PluginManager:220 - loadIPPluginJar : add resmgrutility
2024-07-16 09:20:01,917 [INFO] IPUIPlugin:80 - create IPUIPlugin
2024-07-16 09:20:01,917 [INFO] PluginManager:220 - loadIPPluginJar : add sai
2024-07-16 09:20:01,918 [INFO] IPUIPlugin:80 - create IPUIPlugin
2024-07-16 09:20:01,918 [INFO] PluginManager:220 - loadIPPluginJar : add spi
2024-07-16 09:20:01,921 [INFO] IPUIPlugin:80 - create IPUIPlugin
2024-07-16 09:20:01,921 [INFO] PluginManager:220 - loadIPPluginJar : add stm32_wpan
2024-07-16 09:20:01,922 [INFO] IPUIPlugin:80 - create IPUIPlugin
2024-07-16 09:20:01,922 [INFO] PluginManager:220 - loadIPPluginJar : add tim
2024-07-16 09:20:01,924 [INFO] IPUIPlugin:80 - create IPUIPlugin
2024-07-16 09:20:01,924 [INFO] PluginManager:220 - loadIPPluginJar : add touchsensing
2024-07-16 09:20:01,925 [INFO] IPUIPlugin:80 - create IPUIPlugin
2024-07-16 09:20:01,925 [INFO] PluginManager:220 - loadIPPluginJar : add tracer_emb
2024-07-16 09:20:01,926 [INFO] IPUIPlugin:80 - create IPUIPlugin
2024-07-16 09:20:01,926 [INFO] PluginManager:220 - loadIPPluginJar : add ts
2024-07-16 09:20:01,926 [INFO] IPUIPlugin:80 - create IPUIPlugin
2024-07-16 09:20:01,926 [INFO] PluginManager:220 - loadIPPluginJar : add tsc
2024-07-16 09:20:01,927 [INFO] IPUIPlugin:80 - create IPUIPlugin
2024-07-16 09:20:01,927 [INFO] PluginManager:220 - loadIPPluginJar : add ucpd
2024-07-16 09:20:01,929 [INFO] IPUIPlugin:80 - create IPUIPlugin
2024-07-16 09:20:01,929 [INFO] PluginManager:220 - loadIPPluginJar : add usart
2024-07-16 09:20:01,931 [INFO] IPUIPlugin:80 - create IPUIPlugin
2024-07-16 09:20:01,931 [INFO] PluginManager:220 - loadIPPluginJar : add usbx
2024-07-16 09:20:02,040 [INFO] CADModel:165 - CPN selected for project level
2024-07-16 09:20:02,040 [INFO] CADModel:114 - Register for checkConnection events
2024-07-16 09:20:02,041 [FATAL] Updater:308 - Updater called before beeing initialized
2024-07-16 09:20:02,041 [ERROR] CADModel:125 - Updater not yet initialized, retry later 
2024-07-16 09:20:02,148 [INFO] CADModel:165 - CPN selected for project level
2024-07-16 09:20:02,148 [INFO] CADModel:114 - Register for checkConnection events
2024-07-16 09:20:02,148 [FATAL] Updater:308 - Updater called before beeing initialized
2024-07-16 09:20:02,148 [ERROR] CADModel:125 - Updater not yet initialized, retry later 
2024-07-16 09:20:02,153 [FATAL] Updater:308 - Updater called before beeing initialized
2024-07-16 09:20:02,220 [FATAL] Updater:308 - Updater called before beeing initialized
2024-07-16 09:20:02,225 [INFO] DbMcusAds:53 - JSON generation date=Thu May 16 05:22:00 EDT 2024 (1715851320852)
2024-07-16 09:20:02,225 [FATAL] Updater:308 - Updater called before beeing initialized
2024-07-16 09:20:02,250 [WARN] DetailPanel:346 - Failed to get advertising image, set to default
2024-07-16 09:20:02,319 [FATAL] Updater:308 - Updater called before beeing initialized
2024-07-16 09:20:02,320 [FATAL] Updater:308 - Updater called before beeing initialized
2024-07-16 09:20:02,320 [FATAL] Updater:308 - Updater called before beeing initialized
2024-07-16 09:20:02,320 [WARN] DetailPanel:346 - Failed to get advertising image, set to default
2024-07-16 09:20:02,321 [FATAL] Updater:308 - Updater called before beeing initialized
2024-07-16 09:20:02,355 [ERROR] Updater:1120 - MainUpdater not yet initialized. External WinMGr cannot be set.
2024-07-16 09:20:02,357 [INFO] Updater:1056 - Updater Version found : 6.9.1
2024-07-16 09:20:02,370 [INFO] ApplicationProperties:184 - Using Application install path: C:\ST\STM32CubeIDE_1.13.1\STM32CubeIDE\plugins\com.st.stm32cube.common.mx_6.9.1.202307191849
2024-07-16 09:20:02,474 [ERROR] ServerAccessManage:1146 - Warning during Server Connection :  Unknown host sw-center.st.com
2024-07-16 09:20:02,477 [INFO] MainUpdater:2868 - connection check result : 22
2024-07-16 09:20:02,478 [INFO] MainUpdater:285 - Updater Check For Update Now.
2024-07-16 09:20:02,478 [INFO] MicroXplorer:498 - Change Database Version : DB.6.0.91
2024-07-16 09:20:02,496 [INFO] McuFinderGlobals:63 - Set McuFinder mode to 2 (CubeIDE integrated)
2024-07-16 09:20:02,638 [INFO] CheckServerUpdateThread:120 - End of CheckServer Thread
2024-07-16 09:20:04,587 [WARN] PackLoader:240 - Cannot read IP mode file for STMicroelectronics.X-CUBE-SMBUS.2.1.0
2024-07-16 09:20:04,594 [WARN] PackLoader:240 - Cannot read IP mode file for STMicroelectronics.X-CUBE-TOUCHGFX.4.23.0
2024-07-16 09:20:04,613 [WARN] PackLoader:240 - Cannot read IP mode file for STMicroelectronics.X-CUBE-AZRTOS-F7.1.1.0
2024-07-16 09:20:04,622 [WARN] PackLoader:240 - Cannot read IP mode file for STMicroelectronics.FP-SNS-MOTENV1.4.3.2
2024-07-16 09:20:04,631 [WARN] PackLoader:240 - Cannot read IP mode file for STMicroelectronics.X-CUBE-DISPLAY.3.0.0
2024-07-16 09:20:04,638 [WARN] PackLoader:240 - Cannot read IP mode file for emotas.I-CUBE-CANOPEN.1.3.0
2024-07-16 09:20:04,640 [WARN] PackLoader:240 - Cannot read IP mode file for STMicroelectronics.X-CUBE-TOUCHGFX.4.22.0
2024-07-16 09:20:04,642 [WARN] PackLoader:240 - Cannot read IP mode file for STMicroelectronics.X-CUBE-TOUCHGFX.4.22.1
2024-07-16 09:20:04,650 [INFO] LogOutputStream:77 - [STDOUT_REDIRECT] 1 : Invalid condition id : UX_CORESTACK_Condition cause : null
2024-07-16 09:20:04,651 [INFO] LogOutputStream:77 - [STDOUT_REDIRECT] 1 : Invalid condition id : UX_CORESTACK_Condition cause : null
2024-07-16 09:20:04,652 [INFO] LogOutputStream:77 - [STDOUT_REDIRECT] 1 : Invalid condition id : UX_CORESTACK_Condition cause : null
2024-07-16 09:20:04,653 [INFO] LogOutputStream:77 - [STDOUT_REDIRECT] 1 : Invalid condition id : UX_CORESTACK_Condition cause : null
2024-07-16 09:20:04,655 [INFO] LogOutputStream:77 - [STDOUT_REDIRECT] 1 : Invalid condition id : UX_CORESTACK_Condition cause : null
2024-07-16 09:20:04,657 [WARN] PackLoader:240 - Cannot read IP mode file for STMicroelectronics.X-CUBE-AZRTOS-WL.2.0.0
2024-07-16 09:20:04,660 [WARN] PackLoader:240 - Cannot read IP mode file for wolfSSL.I-CUBE-wolfMQTT.1.19.0
2024-07-16 09:20:04,669 [WARN] PackLoader:240 - Cannot read IP mode file for WES.I-CUBE-Cesium.1.3.0
2024-07-16 09:20:04,679 [WARN] PackLoader:240 - Cannot read IP mode file for STMicroelectronics.X-CUBE-BLE2.3.3.0
2024-07-16 09:20:04,684 [WARN] PackLoader:240 - Cannot read IP mode file for STMicroelectronics.X-CUBE-TCPP.4.1.0
2024-07-16 09:20:04,689 [WARN] PackLoader:240 - Cannot read IP mode file for STMicroelectronics.X-CUBE-ALGOBUILD.1.3.0
2024-07-16 09:20:04,702 [WARN] PackLoader:240 - Cannot read IP mode file for STMicroelectronics.X-CUBE-AZRTOS-G0.1.1.0
2024-07-16 09:20:04,708 [WARN] PackLoader:240 - Cannot read IP mode file for STMicroelectronics.X-CUBE-SAFEA1.1.2.2
2024-07-16 09:20:04,712 [WARN] PackLoader:240 - Cannot read IP mode file for STMicroelectronics.X-CUBE-NFC4.3.0.0
2024-07-16 09:20:04,717 [ERROR] Engine:466 - C:\Users\shash\.stm32cubemx\thirdparties\pdsc\EmbeddedOffice.I-CUBE-FS-RTOS.1.0.1.pdsc: PDSC version is not supported
2024-07-16 09:20:04,723 [WARN] PackLoader:240 - Cannot read IP mode file for STMicroelectronics.X-CUBE-BLEMGR.3.0.0
2024-07-16 09:20:04,726 [ERROR] Engine:466 - C:\Users\shash\.stm32cubemx\thirdparties\pdsc\RealThread.X-CUBE-RT-Thread_Nano.4.1.1.pdsc: PDSC version is not supported
2024-07-16 09:20:04,728 [WARN] PackLoader:240 - Cannot read IP mode file for STMicroelectronics.FP-ATR-SIGFOX1.3.2.0
2024-07-16 09:20:04,769 [WARN] PackLoader:240 - Cannot read IP mode file for SEGGER.I-CUBE-embOS.1.3.1
2024-07-16 09:20:04,801 [WARN] PackLoader:240 - Cannot read IP mode file for STMicroelectronics.X-CUBE-ALGOBUILD.1.4.0
2024-07-16 09:20:04,805 [WARN] PackLoader:240 - Cannot read IP mode file for STMicroelectronics.X-CUBE-GNSS1.6.0.0
2024-07-16 09:20:04,815 [WARN] PackLoader:240 - Cannot read IP mode file for STMicroelectronics.X-CUBE-AZRTOS-F4.1.1.0
2024-07-16 09:20:04,819 [WARN] PackLoader:240 - Cannot read IP mode file for wolfSSL.I-CUBE-wolfSSL.5.6.3
2024-07-16 09:20:04,823 [WARN] PackLoader:240 - Cannot read IP mode file for STMicroelectronics.X-CUBE-FREERTOS.1.2.0
2024-07-16 09:20:04,833 [WARN] PackLoader:240 - Cannot read IP mode file for STMicroelectronics.X-CUBE-AZRTOS-L5.2.0.0
2024-07-16 09:20:04,864 [WARN] PackLoader:240 - Cannot read IP mode file for STMicroelectronics.X-CUBE-MEMS1.9.6.0
2024-07-16 09:20:04,934 [WARN] PackLoader:240 - Cannot read IP mode file for STMicroelectronics.X-CUBE-EEPRMA1.4.2.0
2024-07-16 09:20:04,941 [WARN] PackLoader:240 - Cannot read IP mode file for STMicroelectronics.X-CUBE-NFC6.3.1.0
2024-07-16 09:20:04,947 [WARN] PackLoader:240 - Cannot read IP mode file for ITTIA_DB.I-CUBE-ITTIADB.8.8.0
2024-07-16 09:20:04,952 [WARN] PackLoader:240 - Cannot read IP mode file for STMicroelectronics.X-CUBE-BLEMGR.2.0.0
2024-07-16 09:20:04,955 [ERROR] Engine:466 - C:\Users\shash\.stm32cubemx\thirdparties\pdsc\STMicroelectronics.X-CUBE-DPower.1.2.0.pdsc: PDSC version is not supported
2024-07-16 09:20:04,988 [WARN] ConditionMgr:438 - getConditionDescription Invalid condition id : UX DEVICE CLASS RTOS Condition cause : null
2024-07-16 09:20:04,989 [WARN] ConditionMgr:438 - getConditionDescription Invalid condition id : UX DEVICE CLASS RTOS Condition cause : null
2024-07-16 09:20:04,991 [WARN] PackLoader:240 - Cannot read IP mode file for STMicroelectronics.X-CUBE-AZRTOS-H7.3.1.0
2024-07-16 09:20:04,992 [WARN] ConditionMgr:1039 - genDependencies : Invalid condition id : UX DEVICE CLASS RTOS Condition cause : null
2024-07-16 09:20:04,992 [WARN] ConditionMgr:1039 - genDependencies : Invalid condition id : UX DEVICE CLASS RTOS Condition cause : null
2024-07-16 09:20:04,992 [WARN] ConditionMgr:1039 - genDependencies : Invalid condition id : UX DEVICE CLASS RTOS Condition cause : null
2024-07-16 09:20:04,993 [WARN] ConditionMgr:1039 - genDependencies : Invalid condition id : UX DEVICE CLASS RTOS Condition cause : null
2024-07-16 09:20:04,993 [WARN] ConditionMgr:1039 - genDependencies : Invalid condition id : UX DEVICE CLASS RTOS Condition cause : null
2024-07-16 09:20:04,998 [WARN] PackLoader:240 - Cannot read IP mode file for STMicroelectronics.X-CUBE-NFC7.1.0.1
2024-07-16 09:20:05,002 [WARN] PackLoader:240 - Cannot read IP mode file for wolfSSL.I-CUBE-wolfTPM.3.2.0
2024-07-16 09:20:05,007 [WARN] PackLoader:240 - Cannot read IP mode file for STMicroelectronics.X-CUBE-NFC6.3.0.0
2024-07-16 09:20:05,012 [WARN] PackLoader:240 - Cannot read IP mode file for STMicroelectronics.X-CUBE-EEPRMA1.4.1.0
2024-07-16 09:20:05,028 [WARN] ConditionMgr:438 - getConditionDescription Invalid condition id : LAN8742 Phy interface Condition cause : null
2024-07-16 09:20:05,029 [WARN] PackLoader:240 - Cannot read IP mode file for STMicroelectronics.X-CUBE-AZRTOS-L4.2.0.0
2024-07-16 09:20:05,030 [WARN] ConditionMgr:1039 - genDependencies : Invalid condition id : LAN8742 Phy interface Condition cause : null
2024-07-16 09:20:05,030 [WARN] ConditionMgr:1039 - genDependencies : Invalid condition id : LAN8742 Phy interface Condition cause : null
2024-07-16 09:20:05,031 [WARN] ConditionMgr:1039 - genDependencies : Invalid condition id : LAN8742 Phy interface Condition cause : null
2024-07-16 09:20:05,038 [WARN] PackLoader:240 - Cannot read IP mode file for STMicroelectronics.X-CUBE-SFXS2LP1.4.0.0
2024-07-16 09:20:05,042 [WARN] PackLoader:240 - Cannot read IP mode file for STMicroelectronics.X-CUBE-ISPU.1.1.0
2024-07-16 09:20:05,052 [WARN] ConditionMgr:438 - getConditionDescription Invalid condition id : UX DEVICE CLASS RTOS Condition cause : null
2024-07-16 09:20:05,052 [WARN] ConditionMgr:438 - getConditionDescription Invalid condition id : UX DEVICE CLASS RTOS Condition cause : null
2024-07-16 09:20:05,053 [WARN] PackLoader:240 - Cannot read IP mode file for STMicroelectronics.X-CUBE-AZRTOS-WB.2.0.0
2024-07-16 09:20:05,054 [WARN] ConditionMgr:1039 - genDependencies : Invalid condition id : UX DEVICE CLASS RTOS Condition cause : null
2024-07-16 09:20:05,054 [WARN] ConditionMgr:1039 - genDependencies : Invalid condition id : UX DEVICE CLASS RTOS Condition cause : null
2024-07-16 09:20:05,054 [WARN] ConditionMgr:1039 - genDependencies : Invalid condition id : UX DEVICE CLASS RTOS Condition cause : null
2024-07-16 09:20:05,055 [WARN] ConditionMgr:1039 - genDependencies : Invalid condition id : UX DEVICE CLASS RTOS Condition cause : null
2024-07-16 09:20:05,055 [WARN] ConditionMgr:1039 - genDependencies : Invalid condition id : UX DEVICE CLASS RTOS Condition cause : null
2024-07-16 09:20:05,062 [WARN] PackLoader:240 - Cannot read IP mode file for STMicroelectronics.X-CUBE-SUBG2.5.0.0
2024-07-16 09:20:05,067 [WARN] PackLoader:240 - Cannot read IP mode file for Cesanta.I-CUBE-Mongoose.7.13.0
2024-07-16 09:20:05,074 [WARN] PackLoader:240 - Cannot read IP mode file for STMicroelectronics.X-CUBE-TOF1.3.3.1
2024-07-16 09:20:05,086 [WARN] PackLoader:240 - Cannot read IP mode file for STMicroelectronics.X-CUBE-AZRTOS-G4.2.0.0
2024-07-16 09:20:05,093 [WARN] PackLoader:240 - Cannot read IP mode file for Infineon.AIROC-Wi-Fi-Bluetooth-STM32.1.5.1
2024-07-16 09:20:05,097 [WARN] PackLoader:240 - Cannot read IP mode file for STMicroelectronics.FP-SNS-MOTENVWB1.1.3.1
2024-07-16 09:20:05,099 [WARN] PackLoader:240 - Cannot read IP mode file for STMicroelectronics.X-CUBE-ISPU.2.0.0
2024-07-16 09:20:05,124 [WARN] PackLoader:240 - Cannot read IP mode file for STMicroelectronics.X-CUBE-MEMS1.10.0.0
2024-07-16 09:20:05,190 [WARN] PackLoader:240 - Cannot read IP mode file for STMicroelectronics.X-CUBE-FREERTOS.1.1.0
2024-07-16 09:20:05,192 [WARN] PackLoader:240 - Cannot read IP mode file for STMicroelectronics.X-CUBE-TOUCHGFX.4.24.0
2024-07-16 09:20:05,195 [WARN] PackLoader:240 - Cannot read IP mode file for portGmbH.I-Cube-SoM-uGOAL.1.1.0
2024-07-16 09:20:05,199 [WARN] PackLoader:240 - Cannot read IP mode file for STMicroelectronics.X-CUBE-ALS.1.0.1
2024-07-16 09:20:05,209 [WARN] PackLoader:240 - Cannot read IP mode file for STMicroelectronics.X-CUBE-AZRTOS-H7RS.1.0.0
2024-07-16 09:20:05,216 [WARN] PackLoader:240 - Cannot read IP mode file for STMicroelectronics.FP-ATR-ASTRA1.2.0.0
2024-07-16 09:20:05,222 [WARN] PackLoader:240 - Cannot read IP mode file for STMicroelectronics.X-CUBE-TOF1.3.4.0
2024-07-16 09:20:05,235 [WARN] PackLoader:240 - Cannot read IP mode file for STMicroelectronics.X-CUBE-TOF1.3.4.1
2024-07-16 09:20:05,249 [WARN] PackLoader:240 - Cannot read IP mode file for STMicroelectronics.X-CUBE-AZRTOS-H7.3.2.0
2024-07-16 09:20:05,253 [WARN] PackLoader:240 - Cannot read IP mode file for wolfSSL.I-CUBE-wolfSSH.1.4.17
2024-07-16 09:20:05,254 [INFO] ThirdParty:978 - Integrity check success = true
2024-07-16 09:20:05,254 [INFO] IntegrityCheckThread:100 - exiting critical section [integrity check]
2024-07-16 09:20:05,254 [INFO] IntegrityCheckThread:103 - End integrity checks thread
2024-07-16 09:20:23,006 [ERROR] LogOutputStream:75 - [STDERR_REDIRECT] SLF4J: Failed to load class "org.slf4j.impl.StaticLoggerBinder".
2024-07-16 09:20:23,006 [ERROR] LogOutputStream:75 - [STDERR_REDIRECT] SLF4J: Defaulting to no-operation (NOP) logger implementation
2024-07-16 09:20:23,007 [ERROR] LogOutputStream:75 - [STDERR_REDIRECT] SLF4J: See http://www.slf4j.org/codes.html#StaticLoggerBinder for further details.
